g:\桌面\simlator\记录视觉结果v3\debug\ppq_sym.bsc
g:\桌面\simlator\记录视觉结果v3\debug\vc120.pdb
g:\桌面\simlator\记录视觉结果v3\debug\vc120.idb
g:\桌面\simlator\记录视觉结果v3\debug\main.sbr
g:\桌面\simlator\记录视觉结果v3\debug\globlesrouce.sbr
g:\桌面\simlator\记录视觉结果v3\debug\camer.sbr
g:\桌面\simlator\记录视觉结果v3\debug\cam3d.sbr
g:\桌面\simlator\记录视觉结果v3\debug\crobotarm.sbr
g:\桌面\simlator\记录视觉结果v3\debug\cpredictfilter.sbr
g:\桌面\simlator\记录视觉结果v3\debug\cmymatrix.sbr
g:\桌面\simlator\记录视觉结果v3\debug\ckalmansystem.sbr
g:\桌面\simlator\记录视觉结果v3\debug\ckalmansystem.obj
g:\桌面\simlator\记录视觉结果v3\debug\cmymatrix.obj
g:\桌面\simlator\记录视觉结果v3\debug\crobotarm.obj
g:\桌面\simlator\记录视觉结果v3\debug\cam3d.obj
g:\桌面\simlator\记录视觉结果v3\debug\camer.obj
g:\桌面\simlator\记录视觉结果v3\debug\globlesrouce.obj
g:\桌面\simlator\记录视觉结果v3\debug\main.obj
g:\桌面\simlator\记录视觉结果v3\debug\ppq_sym.ilk
g:\桌面\simlator\记录视觉结果v3\debug\ppq_sym.exe
g:\桌面\simlator\记录视觉结果v3\debug\ppq_sym.exe.intermediate.manifest
g:\桌面\simlator\记录视觉结果v3\debug\ppq_sym.pdb
g:\桌面\simlator\记录视觉结果v3\debug\ppq_sym.exe.manifest
g:\桌面\simlator\记录视觉结果v3\.\debug\ppq_sym.exe.manifest
g:\桌面\simlator\记录视觉结果v3\.\debug\ppq_sym.exe
g:\桌面\simlator\记录视觉结果v3\.\debug\ppq_sym.exe.intermediate.manifest
g:\桌面\simlator\记录视觉结果v3\debug\ppq_sym.tlog\bscmake.command.1.tlog
g:\桌面\simlator\记录视觉结果v3\debug\ppq_sym.tlog\bscmake.read.1.tlog
g:\桌面\simlator\记录视觉结果v3\debug\ppq_sym.tlog\bscmake.write.1.tlog
g:\桌面\simlator\记录视觉结果v3\debug\ppq_sym.tlog\cl.command.1.tlog
g:\桌面\simlator\记录视觉结果v3\debug\ppq_sym.tlog\cl.read.1.tlog
g:\桌面\simlator\记录视觉结果v3\debug\ppq_sym.tlog\cl.write.1.tlog
g:\桌面\simlator\记录视觉结果v3\debug\ppq_sym.tlog\link.command.1.tlog
g:\桌面\simlator\记录视觉结果v3\debug\ppq_sym.tlog\link.read.1.tlog
g:\桌面\simlator\记录视觉结果v3\debug\ppq_sym.tlog\link.write.1.tlog
g:\桌面\simlator\记录视觉结果v3\debug\ppq_sym.tlog\mt.command.1.tlog
g:\桌面\simlator\记录视觉结果v3\debug\ppq_sym.tlog\mt.read.1.tlog
g:\桌面\simlator\记录视觉结果v3\debug\ppq_sym.tlog\mt.write.1.tlog
